<?xml version="1.0" encoding="UTF-8"?>
<!-- Generated by org.testng.reporters.JUnitReportReporter -->
<testsuite hostname="LMCLT017" failures="0" tests="39" name="Oxhead_excel.TestCases" time="1085.706" errors="0" timestamp="2022-03-17T13:08:00 IST" skipped="4">
  <testcase classname="Oxhead_excel.TestCases" name="click_On_Remeber_Me_CheckBox" time="29.337"/>
  <system-out/>
  <testcase classname="Oxhead_excel.TestCases" name="click_On_Lost_Your_Password_Link" time="22.570"/>
  <system-out/>
  <testcase classname="Oxhead_excel.TestCases" name="click_On_Create_An_Account_Link" time="20.578"/>
  <system-out/>
  <testcase classname="Oxhead_excel.TestCases" name="click_On_Cross_Mark_Button" time="12.663"/>
  <system-out/>
  <testcase classname="Oxhead_excel.TestCases" name="click_On_Close_Button" time="15.062"/>
  <system-out/>
  <testcase classname="Oxhead_excel.TestCases" name="Customer_Ablet_To_Do_SignUp_With_Valid_Email_Address" time="22.089"/>
  <system-out/>
  <testcase classname="Oxhead_excel.TestCases" name="Customer_is_able_to_enter_products_in_the_Search_for_Products_text_box" time="34.179"/>
  <system-out/>
  <testcase classname="Oxhead_excel.TestCases" name="Customer_is_able_to_see_No_products_were_found_matching_your_selection_message" time="25.069"/>
  <system-out/>
  <testcase classname="Oxhead_excel.TestCases" name="select_Allproducts_option_in_the_select_category" time="32.355"/>
  <system-out/>
  <testcase classname="Oxhead_excel.TestCases" name="select_Gold_option_in_the_select_category" time="30.663"/>
  <system-out/>
  <testcase classname="Oxhead_excel.TestCases" name="select_Membership_option_in_the_select_category" time="33.269"/>
  <system-out/>
  <testcase classname="Oxhead_excel.TestCases" name="select_Palladium_option_in_the_select_category" time="29.763"/>
  <system-out/>
  <testcase classname="Oxhead_excel.TestCases" name="select_Platinum_option_in_the_select_category" time="29.373"/>
  <system-out/>
  <testcase classname="Oxhead_excel.TestCases" name="select_Silver_option_in_the_select_category" time="33.869"/>
  <system-out/>
  <testcase classname="Oxhead_excel.TestCases" name="select_Blank_option_in_the_select_category" time="29.501"/>
  <system-out/>
  <testcase classname="Oxhead_excel.TestCases" name="see_The_Bar_In_The_Palladium_Bullion" time="29.112"/>
  <system-out/>
  <testcase classname="Oxhead_excel.TestCases" name="Customer_is_able_to_do_the_payment_method_process" time="41.864"/>
  <system-out/>
  <testcase classname="Oxhead_excel.TestCases" name="customer_Is_Able_To_See_The_OrderDetails" time="42.238"/>
  <system-out/>
  <testcase classname="Oxhead_excel.TestCases" name="Customer_Is_Able_To_Do_Logout" time="33.647"/>
  <system-out/>
  <testcase classname="Oxhead_excel.TestCases" name="Customer_Is_Able_To_Logout_From_The_Application" time="32.195"/>
  <system-out/>
  <testcase classname="Oxhead_excel.TestCases" name="Customer_Is_Able_To_See_The_AllProducts_On_Browse_Catagories" time="26.463"/>
  <system-out/>
  <testcase classname="Oxhead_excel.TestCases" name="Customer_Is_Able_To_See_The_Gold_On_Browse_Catagories" time="31.450"/>
  <system-out/>
  <testcase classname="Oxhead_excel.TestCases" name="Customer_Is_Able_To_See_The_Palladium_On_Browse_Catagories" time="32.199"/>
  <system-out/>
  <testcase classname="Oxhead_excel.TestCases" name="Customer_Is_Able_To_See_The_Platinum_On_Browse_Catagories" time="30.294"/>
  <system-out/>
  <testcase classname="Oxhead_excel.TestCases" name="Customer_Is_Able_To_See_The_Silver_On_Browse_Catagories" time="33.518"/>
  <system-out/>
  <testcase classname="Oxhead_excel.TestCases" name="customer_Is_Able_To_See_The_HomePage" time="23.514"/>
  <system-out/>
  <testcase classname="Oxhead_excel.TestCases" name="Customer_is_able_to_see_the_sticky_header_is_fixed_at_that_place_it_is_comingdown" time="25.309"/>
  <system-out/>
  <testcase classname="Oxhead_excel.TestCases" name="Customer_Is_Able_To_See_The_NewArrivals_Page" time="29.441"/>
  <system-out/>
  <testcase classname="Oxhead_excel.TestCases" name="Customer_Is_Not_Able_To_See_Product_In_ShoppingCart_Page" time="26.737"/>
  <system-out/>
  <testcase classname="Oxhead_excel.TestCases" name="Customer_Is_Able_To_See_Product_In_ShoppingCart_Page_From_NewArrivals_page" time="44.346"/>
  <system-out/>
  <testcase classname="Oxhead_excel.TestCases" name="Customer_Is_Able_To_See_Product_In_ShoppingCart_Page" time="34.107"/>
  <system-out/>
  <testcase classname="Oxhead_excel.TestCases" name="Customer_Is_Able_To_See_Shipping_And_Delivery_Page" time="50.964"/>
  <system-out/>
  <testcase classname="Oxhead_excel.TestCases" name="Customer_Is_able_To_Track_The_Cash_On_Delivery" time="33.348"/>
  <system-out/>
  <testcase classname="Oxhead_excel.TestCases" name="customer_Is_clicking_On_The_Shop_Now_Button_It_Has_To_Redirect_To_That_Particular_Page" time="49.937"/>
  <system-out/>
  <testcase classname="Oxhead_excel.TestCases" name="Customer_Is_Able_To_click_On_The_Shop_Now_Button_It_Has_To_Redirect_To_That_Particular_Page" time="34.683"/>
  <system-out/>
  <testcase classname="Oxhead_excel.TestCases" name="password_Does_Not_Match_Message">
    <skipped/>
  </testcase> <!-- password_Does_Not_Match_Message -->
  <system-out/>
  <testcase classname="Oxhead_excel.TestCases" name="password_DoesNot_Match_Message">
    <skipped/>
  </testcase> <!-- password_DoesNot_Match_Message -->
  <system-out/>
  <testcase classname="Oxhead_excel.TestCases" name="password_Has_Been_Reset_Successfully_Message">
    <skipped/>
  </testcase> <!-- password_Has_Been_Reset_Successfully_Message -->
  <system-out/>
  <testcase classname="Oxhead_excel.TestCases" name="please_Enter_Your_Password_Message">
    <skipped/>
  </testcase> <!-- please_Enter_Your_Password_Message -->
  <system-out/>
</testsuite> <!-- Oxhead_excel.TestCases -->
